number,value,datetime_start,datetime_complete,duration,params_colsample_bytree,params_gamma,params_learning_rate,params_max_depth,params_min_child_weight,params_n_estimators,params_reg_alpha,params_reg_lambda,params_subsample,system_attrs_tpe:relative_params:0,state
0,0.681490070775785,2026-09-23 17:52:43.230532,2026-09-23 17:52:50.170420,0 days 00:00:06.939888,0.662397808134481,0.2904180608409973,0.1205712628744377,8,6,250,0.6245760287469893,0.2537815508265665,0.6624074561769746,,COMPLETE
1,0.6445535284820999,2026-09-23 17:52:50.194411,2026-09-23 17:52:57.102095,0 days 00:00:06.907684,0.6727299868828402,0.9170225492671691,0.2708160864249968,2,9,400,5.472429642032198e-06,0.12561043700013558,0.6849356442713105,,COMPLETE
2,0.7253937332508761,2026-09-23 17:52:57.108440,2026-09-23 17:53:02.267033,0 days 00:00:05.158593,0.7465447373174767,2.28034992108518,0.08012737503998542,4,2,250,0.1165691561324743,0.006290644294586149,0.7168578594140873,,COMPLETE
3,0.7324174568817428,2026-09-23 17:53:02.303023,2026-09-23 17:53:10.874878,0 days 00:00:08.571855,0.6260206371941118,4.7444276862666666,0.011711509955524094,6,7,300,4.905556676028774,1.7123375973163988,0.6682096494749166,,COMPLETE
4,0.695309558166701,2026-09-23 17:53:10.883614,2026-09-23 17:53:17.068815,0 days 00:00:06.185201,0.798070764044508,0.17194260557609198,0.1024932221692416,2,5,200,1.527156759251193,0.010842262717330166,0.6488152939379115,,COMPLETE
5,0.7253513021370164,2026-09-23 17:53:17.079436,2026-09-23 17:53:26.826649,0 days 00:00:09.747213,0.9878338511058234,3.8756641168055728,0.05864129169696527,4,6,350,2.854239907497756,3.7958531426706403,0.6739417822102108,,COMPLETE
6,0.7313785817357246,2026-09-23 17:53:26.835658,2026-09-23 17:53:38.428929,0 days 00:00:11.593271,0.7301321323053057,1.9433864484474102,0.01351182947645082,8,2,350,2.7678419414850017e-06,2.0651425578959257,0.6180909155642152,,COMPLETE
7,0.7544645433931148,2026-09-23 17:53:38.438525,2026-09-23 17:53:45.374312,0 days 00:00:06.935787,0.6298202574719083,4.9344346830025865,0.06333268775321843,3,2,250,0.08916674715636537,0.0062353771356731605,0.9208787923016158,,COMPLETE
8,0.7155321926750499,2026-09-23 17:53:45.382966,2026-09-23 17:53:48.863824,0 days 00:00:03.480858,0.6296178606936361,1.7923286427213632,0.11069143219393454,7,8,100,1.1036250149900698e-07,2.8340904295147746,0.9085081386743783,,COMPLETE
9,0.7343939393939394,2026-09-23 17:53:48.874616,2026-09-23 17:53:59.058362,0 days 00:00:10.183746,0.8918424713352255,3.1877873567760657,0.012413189635294229,4,4,350,0.9658611176861268,0.0774211647399625,0.7300733288106989,,COMPLETE
10,0.7346590050161478,2026-09-23 17:53:59.068195,2026-09-23 17:54:08.698833,0 days 00:00:09.630638,0.6830475366486071,4.835916885255543,0.10809366764261572,2,4,350,0.011000686376469416,0.02396022832172946,0.8576490356261933,"{""colsample_bytree"": 0.6830475366486071, ""gamma"": 4.835916885255543, ""learning_rate"": 0.10809366764261572, ""max_depth"": 2, ""min_child_weight"": 4, ""n_estimators"": 350, ""reg_alpha"": 0.011000686376469416, ""reg_lambda"": 0.02396022832172946, ""subsample"": 0.8576490356261933}",COMPLETE
11,0.7427152477152477,2026-09-23 17:54:08.709139,2026-09-23 17:54:18.104724,0 days 00:00:09.395585,0.6149191100143476,3.733104051124023,0.10829405080460994,4,2,350,2.0360293472190625,0.01535460620204173,0.9981210075853957,"{""colsample_bytree"": 0.6149191100143476, ""gamma"": 3.733104051124023, ""learning_rate"": 0.10829405080460994, ""max_depth"": 4, ""min_child_weight"": 2, ""n_estimators"": 350, ""reg_alpha"": 2.0360293472190625, ""reg_lambda"": 0.01535460620204173, ""subsample"": 0.9981210075853957}",COMPLETE
12,0.7549142788428502,2026-09-23 17:54:18.123460,2026-09-23 17:54:21.907022,0 days 00:00:03.783562,0.6063835883082579,3.355524776145662,0.04035400139049955,2,1,200,0.5548576797103679,0.0036956936464346284,0.9001507215634194,"{""colsample_bytree"": 0.6063835883082579, ""gamma"": 3.355524776145662, ""learning_rate"": 0.04035400139049955, ""max_depth"": 2, ""min_child_weight"": 1, ""n_estimators"": 200, ""reg_alpha"": 0.5548576797103679, ""reg_lambda"": 0.0036956936464346284, ""subsample"": 0.9001507215634194}",COMPLETE
13,0.7660516731945304,2026-09-23 17:54:21.916727,2026-09-23 17:54:26.773931,0 days 00:00:04.857204,0.690667838336662,3.7384559775513435,0.03620906497434256,4,1,300,0.0024799134753443215,0.006202855822962131,0.9629798013906993,"{""colsample_bytree"": 0.690667838336662, ""gamma"": 3.7384559775513435, ""learning_rate"": 0.03620906497434256, ""max_depth"": 4, ""min_child_weight"": 1, ""n_estimators"": 300, ""reg_alpha"": 0.0024799134753443215, ""reg_lambda"": 0.006202855822962131, ""subsample"": 0.9629798013906993}",COMPLETE
14,0.7556039991754278,2026-09-23 17:54:26.790022,2026-09-23 17:54:31.392190,0 days 00:00:04.602168,0.7331023041803587,3.6748297014755833,0.07389674036933376,5,1,300,0.0016435004341028888,0.0020486242578100417,0.9893366934945624,"{""colsample_bytree"": 0.7331023041803587, ""gamma"": 3.6748297014755833, ""learning_rate"": 0.07389674036933376, ""max_depth"": 5, ""min_child_weight"": 1, ""n_estimators"": 300, ""reg_alpha"": 0.0016435004341028888, ""reg_lambda"": 0.0020486242578100417, ""subsample"": 0.9893366934945624}",COMPLETE
15,0.7424707963993679,2026-09-23 17:54:31.398082,2026-09-23 17:54:34.890481,0 days 00:00:03.492399,0.7413147455640474,2.8835966383153906,0.05728676219490242,5,2,200,0.0010421711050299575,0.0013985058501370285,0.9514556613785229,"{""colsample_bytree"": 0.7413147455640474, ""gamma"": 2.8835966383153906, ""learning_rate"": 0.05728676219490242, ""max_depth"": 5, ""min_child_weight"": 2, ""n_estimators"": 200, ""reg_alpha"": 0.0010421711050299575, ""reg_lambda"": 0.0013985058501370285, ""subsample"": 0.9514556613785229}",COMPLETE
16,0.761679378822236,2026-09-23 17:54:34.903611,2026-09-23 17:54:39.770696,0 days 00:00:04.867085,0.7842521969877644,4.474279682752314,0.025423239345455085,5,1,300,0.024713665199327946,0.010869488344942675,0.9905434314000908,"{""colsample_bytree"": 0.7842521969877644, ""gamma"": 4.474279682752314, ""learning_rate"": 0.025423239345455085, ""max_depth"": 5, ""min_child_weight"": 1, ""n_estimators"": 300, ""reg_alpha"": 0.024713665199327946, ""reg_lambda"": 0.010869488344942675, ""subsample"": 0.9905434314000908}",COMPLETE
17,0.7592580567580567,2026-09-23 17:54:39.777575,2026-09-23 17:54:44.803871,0 days 00:00:05.026296,0.8600744364281543,3.8126141854420155,0.02698072834113227,6,1,300,0.2169552034925382,0.0459998857928383,0.9654598984701928,"{""colsample_bytree"": 0.8600744364281543, ""gamma"": 3.8126141854420155, ""learning_rate"": 0.02698072834113227, ""max_depth"": 6, ""min_child_weight"": 1, ""n_estimators"": 300, ""reg_alpha"": 0.2169552034925382, ""reg_lambda"": 0.0459998857928383, ""subsample"": 0.9654598984701928}",COMPLETE
18,0.7644075104789391,2026-09-23 17:54:44.828260,2026-09-23 17:54:55.422627,0 days 00:00:10.594367,0.7689454246136685,3.301187249037447,0.02286692746916523,3,1,400,0.009592692292505403,0.011854605813402056,0.970374814700701,"{""colsample_bytree"": 0.7689454246136685, ""gamma"": 3.301187249037447, ""learning_rate"": 0.02286692746916523, ""max_depth"": 3, ""min_child_weight"": 1, ""n_estimators"": 400, ""reg_alpha"": 0.009592692292505403, ""reg_lambda"": 0.011854605813402056, ""subsample"": 0.970374814700701}",COMPLETE
19,0.7512342815914245,2026-09-23 17:54:55.434770,2026-09-23 17:55:07.714476,0 days 00:00:12.279706,0.8333709251262537,2.926729335593855,0.022476998134950386,4,2,400,0.000432322861647944,0.002190700286657128,0.9040410512824546,"{""colsample_bytree"": 0.8333709251262537, ""gamma"": 2.926729335593855, ""learning_rate"": 0.022476998134950386, ""max_depth"": 4, ""min_child_weight"": 2, ""n_estimators"": 400, ""reg_alpha"": 0.000432322861647944, ""reg_lambda"": 0.002190700286657128, ""subsample"": 0.9040410512824546}",COMPLETE
20,0.7458503401360546,2026-09-23 17:55:07.732045,2026-09-23 17:55:16.888253,0 days 00:00:09.156208,0.694827388700712,4.771446780649191,0.026894730685174915,4,3,300,0.23849603565226257,0.0021423664296767917,0.9535348781793205,"{""colsample_bytree"": 0.694827388700712, ""gamma"": 4.771446780649191, ""learning_rate"": 0.026894730685174915, ""max_depth"": 4, ""min_child_weight"": 3, ""n_estimators"": 300, ""reg_alpha"": 0.23849603565226257, ""reg_lambda"": 0.0021423664296767917, ""subsample"": 0.9535348781793205}",COMPLETE
21,0.7597430083144369,2026-09-23 17:55:16.899770,2026-09-23 17:55:25.913069,0 days 00:00:09.013299,0.740909130778576,4.578242238278226,0.025599154153585015,4,1,300,0.004028673947147414,0.24990389636758162,0.9733852254097107,"{""colsample_bytree"": 0.740909130778576, ""gamma"": 4.578242238278226, ""learning_rate"": 0.025599154153585015, ""max_depth"": 4, ""min_child_weight"": 1, ""n_estimators"": 300, ""reg_alpha"": 0.004028673947147414, ""reg_lambda"": 0.24990389636758162, ""subsample"": 0.9733852254097107}",COMPLETE
22,0.758318044389473,2026-09-23 17:55:25.925596,2026-09-23 17:55:32.440521,0 days 00:00:06.514925,0.7256066855898224,4.905902580902422,0.021101838850128597,3,2,250,5.482780910076208e-05,0.003723882747718348,0.9693966501812507,"{""colsample_bytree"": 0.7256066855898224, ""gamma"": 4.905902580902422, ""learning_rate"": 0.021101838850128597, ""max_depth"": 3, ""min_child_weight"": 2, ""n_estimators"": 250, ""reg_alpha"": 5.482780910076208e-05, ""reg_lambda"": 0.003723882747718348, ""subsample"": 0.9693966501812507}",COMPLETE
23,0.7549008795437366,2026-09-23 17:55:32.446690,2026-09-23 17:55:39.546213,0 days 00:00:07.099523,0.7279326144411573,2.5921498007794073,0.03835669600722314,4,1,450,0.0011780592048140036,0.015743050919659808,0.9222626217028613,"{""colsample_bytree"": 0.7279326144411573, ""gamma"": 2.5921498007794073, ""learning_rate"": 0.03835669600722314, ""max_depth"": 4, ""min_child_weight"": 1, ""n_estimators"": 450, ""reg_alpha"": 0.0011780592048140036, ""reg_lambda"": 0.015743050919659808, ""subsample"": 0.9222626217028613}",COMPLETE
24,0.7465137772280629,2026-09-23 17:55:39.561871,2026-09-23 17:55:46.139809,0 days 00:00:06.577938,0.7354433472421676,3.546489314809709,0.03339600817558156,4,3,250,0.006466029449140657,0.017147415497619698,0.9532994877075116,"{""colsample_bytree"": 0.7354433472421676, ""gamma"": 3.546489314809709, ""learning_rate"": 0.03339600817558156, ""max_depth"": 4, ""min_child_weight"": 3, ""n_estimators"": 250, ""reg_alpha"": 0.006466029449140657, ""reg_lambda"": 0.017147415497619698, ""subsample"": 0.9532994877075116}",COMPLETE
25,0.7553540507111935,2026-09-23 17:55:46.151934,2026-09-23 17:55:56.381571,0 days 00:00:10.229637,0.6705326961966745,3.523159202166781,0.04035625446981034,4,1,350,0.036500662177923936,0.07126285873001367,0.9285952822020254,"{""colsample_bytree"": 0.6705326961966745, ""gamma"": 3.523159202166781, ""learning_rate"": 0.04035625446981034, ""max_depth"": 4, ""min_child_weight"": 1, ""n_estimators"": 350, ""reg_alpha"": 0.036500662177923936, ""reg_lambda"": 0.07126285873001367, ""subsample"": 0.9285952822020254}",COMPLETE
26,0.7592673331959047,2026-09-23 17:55:56.392874,2026-09-23 17:56:05.446204,0 days 00:00:09.053330,0.700356827667634,4.099725529748078,0.04343056625134001,3,1,300,0.0005708084658549838,0.02037450591694154,0.8918174792961433,"{""colsample_bytree"": 0.700356827667634, ""gamma"": 4.099725529748078, ""learning_rate"": 0.04343056625134001, ""max_depth"": 3, ""min_child_weight"": 1, ""n_estimators"": 300, ""reg_alpha"": 0.0005708084658549838, ""reg_lambda"": 0.02037450591694154, ""subsample"": 0.8918174792961433}",COMPLETE
27,0.7559482580911153,2026-09-23 17:56:05.455422,2026-09-23 17:56:13.486692,0 days 00:00:08.031270,0.752728664923646,4.194600740019825,0.022653602055382575,5,2,250,0.006333216678421209,0.0016167014760011386,0.9585680335672163,"{""colsample_bytree"": 0.752728664923646, ""gamma"": 4.194600740019825, ""learning_rate"": 0.022653602055382575, ""max_depth"": 5, ""min_child_weight"": 2, ""n_estimators"": 250, ""reg_alpha"": 0.006333216678421209, ""reg_lambda"": 0.0016167014760011386, ""subsample"": 0.9585680335672163}",COMPLETE
28,0.751141860784718,2026-09-23 17:56:13.497372,2026-09-23 17:56:22.120404,0 days 00:00:08.623032,0.6885461912794701,3.3347146585032554,0.017829812557890734,3,2,250,0.0019699226534815365,0.05602098867767779,0.9143185192126249,"{""colsample_bytree"": 0.6885461912794701, ""gamma"": 3.3347146585032554, ""learning_rate"": 0.017829812557890734, ""max_depth"": 3, ""min_child_weight"": 2, ""n_estimators"": 250, ""reg_alpha"": 0.0019699226534815365, ""reg_lambda"": 0.05602098867767779, ""subsample"": 0.9143185192126249}",COMPLETE
29,0.7599998282141139,2026-09-23 17:56:22.139635,2026-09-23 17:56:33.248916,0 days 00:00:11.109281,0.7997979256987175,4.218084980833916,0.013800631824527603,5,2,350,0.025277644039615015,0.004906407082108913,0.9872224295531785,"{""colsample_bytree"": 0.7997979256987175, ""gamma"": 4.218084980833916, ""learning_rate"": 0.013800631824527603, ""max_depth"": 5, ""min_child_weight"": 2, ""n_estimators"": 350, ""reg_alpha"": 0.025277644039615015, ""reg_lambda"": 0.004906407082108913, ""subsample"": 0.9872224295531785}",COMPLETE
30,0.7588406170549028,2026-09-23 17:56:33.262862,2026-09-23 17:56:42.169097,0 days 00:00:08.906235,0.7131908294739455,4.266760266874334,0.03261666768989568,4,2,300,0.16655798429905977,0.01581432463008791,0.9570293727775662,"{""colsample_bytree"": 0.7131908294739455, ""gamma"": 4.266760266874334, ""learning_rate"": 0.03261666768989568, ""max_depth"": 4, ""min_child_weight"": 2, ""n_estimators"": 300, ""reg_alpha"": 0.16655798429905977, ""reg_lambda"": 0.01581432463008791, ""subsample"": 0.9570293727775662}",COMPLETE
31,0.7472754758469045,2026-09-23 17:56:42.175396,2026-09-23 17:56:48.770911,0 days 00:00:06.595515,0.7671235358105458,3.42504912391595,0.025609401914792204,3,2,350,0.0003286511715883111,0.04527060088304084,0.8950940821377209,"{""colsample_bytree"": 0.7671235358105458, ""gamma"": 3.42504912391595, ""learning_rate"": 0.025609401914792204, ""max_depth"": 3, ""min_child_weight"": 2, ""n_estimators"": 350, ""reg_alpha"": 0.0003286511715883111, ""reg_lambda"": 0.04527060088304084, ""subsample"": 0.8950940821377209}",COMPLETE
32,0.7594611076753933,2026-09-23 17:56:48.776883,2026-09-23 17:56:53.880187,0 days 00:00:05.103304,0.7608662228682825,4.100687832066828,0.012074392905129128,5,2,300,0.022168432443201765,0.04613386353540404,0.9716387335433684,"{""colsample_bytree"": 0.7608662228682825, ""gamma"": 4.100687832066828, ""learning_rate"": 0.012074392905129128, ""max_depth"": 5, ""min_child_weight"": 2, ""n_estimators"": 300, ""reg_alpha"": 0.022168432443201765, ""reg_lambda"": 0.04613386353540404, ""subsample"": 0.9716387335433684}",COMPLETE
33,0.7570121280835567,2026-09-23 17:56:53.894546,2026-09-23 17:56:59.773844,0 days 00:00:05.879298,0.8030680601352996,4.9675358720497895,0.020428530076468426,6,2,250,0.009317782110091957,0.009230295818354347,0.9710352373509289,"{""colsample_bytree"": 0.8030680601352996, ""gamma"": 4.9675358720497895, ""learning_rate"": 0.020428530076468426, ""max_depth"": 6, ""min_child_weight"": 2, ""n_estimators"": 250, ""reg_alpha"": 0.009317782110091957, ""reg_lambda"": 0.009230295818354347, ""subsample"": 0.9710352373509289}",COMPLETE
34,0.7467771249914106,2026-09-23 17:56:59.802953,2026-09-23 17:57:11.707193,0 days 00:00:11.904240,0.7791973674785869,3.777763558264696,0.02798893348198154,6,3,300,0.09736927197261301,0.02180054014237311,0.9503015818731838,"{""colsample_bytree"": 0.7791973674785869, ""gamma"": 3.777763558264696, ""learning_rate"": 0.02798893348198154, ""max_depth"": 6, ""min_child_weight"": 3, ""n_estimators"": 300, ""reg_alpha"": 0.09736927197261301, ""reg_lambda"": 0.02180054014237311, ""subsample"": 0.9503015818731838}",COMPLETE
35,0.758836494193637,2026-09-23 17:57:11.724775,2026-09-23 17:57:21.327497,0 days 00:00:09.602722,0.6844139703628357,3.2630341243556225,0.035216205090942795,5,1,300,0.00014859733346668782,0.005260527753310887,0.9515053570945965,"{""colsample_bytree"": 0.6844139703628357, ""gamma"": 3.2630341243556225, ""learning_rate"": 0.035216205090942795, ""max_depth"": 5, ""min_child_weight"": 1, ""n_estimators"": 300, ""reg_alpha"": 0.00014859733346668782, ""reg_lambda"": 0.005260527753310887, ""subsample"": 0.9515053570945965}",COMPLETE
36,0.7500762729334157,2026-09-23 17:57:21.340969,2026-09-23 17:57:32.506598,0 days 00:00:11.165629,0.8233150528974911,3.69239109373649,0.01850734697553824,5,3,350,0.008765017823727348,0.0017220070795568622,0.9695006828111937,"{""colsample_bytree"": 0.8233150528974911, ""gamma"": 3.69239109373649, ""learning_rate"": 0.01850734697553824, ""max_depth"": 5, ""min_child_weight"": 3, ""n_estimators"": 350, ""reg_alpha"": 0.008765017823727348, ""reg_lambda"": 0.0017220070795568622, ""subsample"": 0.9695006828111937}",COMPLETE
37,0.7602992510135367,2026-09-23 17:57:32.518401,2026-09-23 17:57:43.869046,0 days 00:00:11.350645,0.8554993958506533,4.738049734385184,0.01412351672144322,5,2,350,0.0044369785419462815,0.0026961880612345218,0.9823962366337866,"{""colsample_bytree"": 0.8554993958506533, ""gamma"": 4.738049734385184, ""learning_rate"": 0.01412351672144322, ""max_depth"": 5, ""min_child_weight"": 2, ""n_estimators"": 350, ""reg_alpha"": 0.0044369785419462815, ""reg_lambda"": 0.0026961880612345218, ""subsample"": 0.9823962366337866}",COMPLETE
38,0.7641934652648938,2026-09-23 17:57:43.888860,2026-09-23 17:57:56.608721,0 days 00:00:12.719861,0.7618347499595891,4.425814946203901,0.011836523982658895,4,1,400,0.08218175806184345,0.006067787875154121,0.9433657636175016,"{""colsample_bytree"": 0.7618347499595891, ""gamma"": 4.425814946203901, ""learning_rate"": 0.011836523982658895, ""max_depth"": 4, ""min_child_weight"": 1, ""n_estimators"": 400, ""reg_alpha"": 0.08218175806184345, ""reg_lambda"": 0.006067787875154121, ""subsample"": 0.9433657636175016}",COMPLETE
39,0.7572718683432969,2026-09-23 17:57:56.621490,2026-09-23 17:58:09.508029,0 days 00:00:12.886539,0.7899202913305046,3.9341100765786186,0.01064388492361055,3,2,400,0.00102856057273213,0.01128882568235179,0.940434314206844,"{""colsample_bytree"": 0.7899202913305046, ""gamma"": 3.9341100765786186, ""learning_rate"": 0.01064388492361055, ""max_depth"": 3, ""min_child_weight"": 2, ""n_estimators"": 400, ""reg_alpha"": 0.00102856057273213, ""reg_lambda"": 0.01128882568235179, ""subsample"": 0.940434314206844}",COMPLETE
40,0.7479578093863809,2026-09-23 17:58:09.522750,2026-09-23 17:58:16.937670,0 days 00:00:07.414920,0.7284240353788286,3.301115672653572,0.02110287964585808,4,2,300,0.008928904692391364,0.007395509396367596,0.906561672940372,"{""colsample_bytree"": 0.7284240353788286, ""gamma"": 3.301115672653572, ""learning_rate"": 0.02110287964585808, ""max_depth"": 4, ""min_child_weight"": 2, ""n_estimators"": 300, ""reg_alpha"": 0.008928904692391364, ""reg_lambda"": 0.007395509396367596, ""subsample"": 0.906561672940372}",COMPLETE
41,0.749148457362743,2026-09-23 17:58:16.945969,2026-09-23 17:58:22.883882,0 days 00:00:05.937913,0.8310249690278861,4.529937937927444,0.010267846480450565,6,3,350,0.0012557541663446063,0.0025044922184877935,0.9744680478149099,"{""colsample_bytree"": 0.8310249690278861, ""gamma"": 4.529937937927444, ""learning_rate"": 0.010267846480450565, ""max_depth"": 6, ""min_child_weight"": 3, ""n_estimators"": 350, ""reg_alpha"": 0.0012557541663446063, ""reg_lambda"": 0.0025044922184877935, ""subsample"": 0.9744680478149099}",COMPLETE
42,0.7488459424173709,2026-09-23 17:58:22.889824,2026-09-23 17:58:29.834244,0 days 00:00:06.944420,0.761799918574276,3.829895000816137,0.01400568410756522,4,2,400,0.07971079251353784,0.00383376909628039,0.8983385804584498,"{""colsample_bytree"": 0.761799918574276, ""gamma"": 3.829895000816137, ""learning_rate"": 0.01400568410756522, ""max_depth"": 4, ""min_child_weight"": 2, ""n_estimators"": 400, ""reg_alpha"": 0.07971079251353784, ""reg_lambda"": 0.00383376909628039, ""subsample"": 0.8983385804584498}",COMPLETE
43,0.7678947639661924,2026-09-23 17:58:29.840368,2026-09-23 17:58:35.034162,0 days 00:00:05.193794,0.8198376227843053,4.743237597585629,0.010469625382121423,4,1,300,0.009511403558837785,0.001974467146722768,0.9947529556737267,"{""colsample_bytree"": 0.8198376227843053, ""gamma"": 4.743237597585629, ""learning_rate"": 0.010469625382121423, ""max_depth"": 4, ""min_child_weight"": 1, ""n_estimators"": 300, ""reg_alpha"": 0.009511403558837785, ""reg_lambda"": 0.001974467146722768, ""subsample"": 0.9947529556737267}",COMPLETE
44,0.7557817975675118,2026-09-23 17:58:35.043012,2026-09-23 17:58:40.668619,0 days 00:00:05.625607,0.8064100740454131,4.473883284543145,0.019063715092550598,4,2,350,0.06745626598701034,0.0013275670535966824,0.9778978893871713,"{""colsample_bytree"": 0.8064100740454131, ""gamma"": 4.473883284543145, ""learning_rate"": 0.019063715092550598, ""max_depth"": 4, ""min_child_weight"": 2, ""n_estimators"": 350, ""reg_alpha"": 0.06745626598701034, ""reg_lambda"": 0.0013275670535966824, ""subsample"": 0.9778978893871713}",COMPLETE
45,0.7550319521748093,2026-09-23 17:58:40.681787,2026-09-23 17:58:46.025736,0 days 00:00:05.343949,0.7233788976122543,3.2787554927579645,0.019162837576934037,3,2,350,0.08378897986201994,0.013012555533220185,0.9629664778218396,"{""colsample_bytree"": 0.7233788976122543, ""gamma"": 3.2787554927579645, ""learning_rate"": 0.019162837576934037, ""max_depth"": 3, ""min_child_weight"": 2, ""n_estimators"": 350, ""reg_alpha"": 0.08378897986201994, ""reg_lambda"": 0.013012555533220185, ""subsample"": 0.9629664778218396}",COMPLETE
