number,value,datetime_start,datetime_complete,duration,params_colsample_bytree,params_gamma,params_learning_rate,params_max_depth,params_min_child_weight,params_n_estimators,params_reg_alpha,params_reg_lambda,params_subsample,system_attrs_tpe:relative_params:0,state
46,0.7597594997594996,2026-09-23 17:58:46.033034,2026-09-23 17:58:50.929624,0 days 00:00:04.896590,0.6957240041577607,4.222807720723048,0.018078619255422063,4,1,300,0.040048732619215266,0.004821895736646631,0.9495319506250982,"{""colsample_bytree"": 0.6957240041577607, ""gamma"": 4.222807720723048, ""learning_rate"": 0.018078619255422063, ""max_depth"": 4, ""min_child_weight"": 1, ""n_estimators"": 300, ""reg_alpha"": 0.040048732619215266, ""reg_lambda"": 0.004821895736646631, ""subsample"": 0.9495319506250982}",COMPLETE
47,0.7618822579536866,2026-09-23 17:58:50.938545,2026-09-23 17:58:55.871690,0 days 00:00:04.933145,0.7639669275418185,4.792929245069464,0.014765216810818552,5,1,300,0.06665573696584551,0.0115992048277162,0.9893901770587232,"{""colsample_bytree"": 0.7639669275418185, ""gamma"": 4.792929245069464, ""learning_rate"": 0.014765216810818552, ""max_depth"": 5, ""min_child_weight"": 1, ""n_estimators"": 300, ""reg_alpha"": 0.06665573696584551, ""reg_lambda"": 0.0115992048277162, ""subsample"": 0.9893901770587232}",COMPLETE
48,0.7610198928056071,2026-09-23 17:58:55.878686,2026-09-23 17:59:00.635691,0 days 00:00:04.757005,0.8958413005541224,4.652770352011097,0.01890849484535233,5,1,300,0.06448276865078435,0.002239240562127832,0.9904906934259029,"{""colsample_bytree"": 0.8958413005541224, ""gamma"": 4.652770352011097, ""learning_rate"": 0.01890849484535233, ""max_depth"": 5, ""min_child_weight"": 1, ""n_estimators"": 300, ""reg_alpha"": 0.06448276865078435, ""reg_lambda"": 0.002239240562127832, ""subsample"": 0.9904906934259029}",COMPLETE
49,0.7474431388717104,2026-09-23 17:59:00.641985,2026-09-23 17:59:07.125222,0 days 00:00:06.483237,0.7556612310649177,3.959008975283169,0.015839222208877315,4,2,400,1.100758072612794,0.0018645276408337016,0.9299169599593614,"{""colsample_bytree"": 0.7556612310649177, ""gamma"": 3.959008975283169, ""learning_rate"": 0.015839222208877315, ""max_depth"": 4, ""min_child_weight"": 2, ""n_estimators"": 400, ""reg_alpha"": 1.100758072612794, ""reg_lambda"": 0.0018645276408337016, ""subsample"": 0.9299169599593614}",COMPLETE
