number,value,datetime_start,datetime_complete,duration,params_colsample_bytree,params_gamma,params_learning_rate,params_max_depth,params_min_child_weight,params_n_estimators,params_reg_alpha,params_reg_lambda,params_subsample,system_attrs_tpe:relative_params:0,state
46,0.7658240568954854,2026-09-23 13:33:08.038661,2026-09-23 13:33:13.339683,0 days 00:00:05.301022,0.6334851803285242,4.510944486352269,0.04126199294981812,4,1,400,1.5935184153603762e-05,0.21257923568494033,0.9766471773756832,"{""colsample_bytree"": 0.6334851803285242, ""gamma"": 4.510944486352269, ""learning_rate"": 0.04126199294981812, ""max_depth"": 4, ""min_child_weight"": 1, ""n_estimators"": 400, ""reg_alpha"": 1.5935184153603762e-05, ""reg_lambda"": 0.21257923568494033, ""subsample"": 0.9766471773756832}",COMPLETE
47,0.7592699099841957,2026-09-23 13:33:13.345047,2026-09-23 13:33:17.575764,0 days 00:00:04.230717,0.6720642045765239,4.114414543899134,0.03232779037954992,4,1,300,4.847313350361671e-05,0.018896096955989147,0.9636407579446923,"{""colsample_bytree"": 0.6720642045765239, ""gamma"": 4.114414543899134, ""learning_rate"": 0.03232779037954992, ""max_depth"": 4, ""min_child_weight"": 1, ""n_estimators"": 300, ""reg_alpha"": 4.847313350361671e-05, ""reg_lambda"": 0.018896096955989147, ""subsample"": 0.9636407579446923}",COMPLETE
48,0.7638825328111042,2026-09-23 13:33:17.580746,2026-09-23 13:33:22.358620,0 days 00:00:04.777874,0.7632327520817296,4.721405388536325,0.026491482160943547,5,1,350,0.008512233343259769,0.02279437745512176,0.9851047016650082,"{""colsample_bytree"": 0.7632327520817296, ""gamma"": 4.721405388536325, ""learning_rate"": 0.026491482160943547, ""max_depth"": 5, ""min_child_weight"": 1, ""n_estimators"": 350, ""reg_alpha"": 0.008512233343259769, ""reg_lambda"": 0.02279437745512176, ""subsample"": 0.9851047016650082}",COMPLETE
49,0.7605507455507456,2026-09-23 13:33:22.363414,2026-09-23 13:33:27.156099,0 days 00:00:04.792685,0.6642837839254143,4.785356233644318,0.01917124996664822,3,1,350,8.034024269503787e-06,0.05636698206727414,0.9491136103106871,"{""colsample_bytree"": 0.6642837839254143, ""gamma"": 4.785356233644318, ""learning_rate"": 0.01917124996664822, ""max_depth"": 3, ""min_child_weight"": 1, ""n_estimators"": 350, ""reg_alpha"": 8.034024269503787e-06, ""reg_lambda"": 0.05636698206727414, ""subsample"": 0.9491136103106871}",COMPLETE
