number,value,datetime_start,datetime_complete,duration,params_colsample_bytree,params_gamma,params_learning_rate,params_max_depth,params_min_child_weight,params_n_estimators,params_reg_alpha,params_reg_lambda,params_subsample,system_attrs_tpe:relative_params:0,state
0,0.683651309008452,2026-09-23 13:29:45.944352,2026-09-23 13:29:50.207068,0 days 00:00:04.262716,0.662397808134481,0.2904180608409973,0.1205712628744377,8,6,250,0.6245760287469893,0.2537815508265665,0.6624074561769746,,COMPLETE
1,0.6429042121899264,2026-09-23 13:29:50.216015,2026-09-23 13:29:55.867248,0 days 00:00:05.651233,0.6727299868828402,0.9170225492671691,0.2708160864249968,2,9,400,5.472429642032198e-06,0.12561043700013558,0.6849356442713105,,COMPLETE
2,0.7154974919260633,2026-09-23 13:29:55.872056,2026-09-23 13:30:00.491187,0 days 00:00:04.619131,0.7465447373174767,2.28034992108518,0.08012737503998542,4,2,250,0.1165691561324743,0.006290644294586149,0.7168578594140873,,COMPLETE
3,0.7298145571359858,2026-09-23 13:30:00.496496,2026-09-23 13:30:04.878058,0 days 00:00:04.381562,0.6260206371941118,4.7444276862666666,0.011711509955524094,6,7,300,4.905556676028774,1.7123375973163988,0.6682096494749166,,COMPLETE
4,0.6932058682058683,2026-09-23 13:30:04.882949,2026-09-23 13:30:08.299713,0 days 00:00:03.416764,0.798070764044508,0.17194260557609198,0.1024932221692416,2,5,200,1.527156759251193,0.010842262717330166,0.6488152939379115,,COMPLETE
5,0.7218157768157768,2026-09-23 13:30:08.305217,2026-09-23 13:30:13.561204,0 days 00:00:05.255987,0.9878338511058234,3.8756641168055728,0.05864129169696527,4,6,350,2.854239907497756,3.7958531426706403,0.6739417822102108,,COMPLETE
6,0.7225917336631623,2026-09-23 13:30:13.566079,2026-09-23 13:30:19.607240,0 days 00:00:06.041161,0.7301321323053057,1.9433864484474102,0.01351182947645082,8,2,350,2.7678419414850017e-06,2.0651425578959257,0.6180909155642152,,COMPLETE
7,0.7480526351954924,2026-09-23 13:30:19.612546,2026-09-23 13:30:23.265700,0 days 00:00:03.653154,0.6298202574719083,4.9344346830025865,0.06333268775321843,3,2,250,0.08916674715636537,0.0062353771356731605,0.9208787923016158,,COMPLETE
8,0.7056667010238439,2026-09-23 13:30:23.271945,2026-09-23 13:30:25.052332,0 days 00:00:01.780387,0.6296178606936361,1.7923286427213632,0.11069143219393454,7,8,100,1.1036250149900698e-07,2.8340904295147746,0.9085081386743783,,COMPLETE
9,0.730547138047138,2026-09-23 13:30:25.057031,2026-09-23 13:30:30.360946,0 days 00:00:05.303915,0.8918424713352255,3.1877873567760657,0.012413189635294229,4,4,350,0.9658611176861268,0.0774211647399625,0.7300733288106989,,COMPLETE
10,0.7381079502508074,2026-09-23 13:30:30.365825,2026-09-23 13:30:35.244281,0 days 00:00:04.878456,0.6830475366486071,4.835916885255543,0.10809366764261572,2,4,350,0.011000686376469416,0.02396022832172946,0.8576490356261933,"{""colsample_bytree"": 0.6830475366486071, ""gamma"": 4.835916885255543, ""learning_rate"": 0.10809366764261572, ""max_depth"": 2, ""min_child_weight"": 4, ""n_estimators"": 350, ""reg_alpha"": 0.011000686376469416, ""reg_lambda"": 0.02396022832172946, ""subsample"": 0.8576490356261933}",COMPLETE
11,0.7338042843399986,2026-09-23 13:30:35.249017,2026-09-23 13:30:42.583399,0 days 00:00:07.334382,0.6149191100143476,3.733104051124023,0.10829405080460994,4,2,350,2.0360293472190625,0.01535460620204173,0.9981210075853957,"{""colsample_bytree"": 0.6149191100143476, ""gamma"": 3.733104051124023, ""learning_rate"": 0.10829405080460994, ""max_depth"": 4, ""min_child_weight"": 2, ""n_estimators"": 350, ""reg_alpha"": 2.0360293472190625, ""reg_lambda"": 0.01535460620204173, ""subsample"": 0.9981210075853957}",COMPLETE
12,0.7425489589775306,2026-09-23 13:30:42.588916,2026-09-23 13:30:46.057783,0 days 00:00:03.468867,0.6121383345273449,3.9881908560595587,0.0402915569463597,2,1,200,0.03404652667334944,0.004700535525352515,0.805444538678787,"{""colsample_bytree"": 0.6121383345273449, ""gamma"": 3.9881908560595587, ""learning_rate"": 0.0402915569463597, ""max_depth"": 2, ""min_child_weight"": 1, ""n_estimators"": 200, ""reg_alpha"": 0.03404652667334944, ""reg_lambda"": 0.004700535525352515, ""subsample"": 0.805444538678787}",COMPLETE
13,0.7568109668109667,2026-09-23 13:30:46.062502,2026-09-23 13:30:50.391859,0 days 00:00:04.329357,0.6933546288346409,4.142239467675488,0.03616298599634111,4,1,300,0.000302756121970217,0.007020428167295346,0.9195145562798797,"{""colsample_bytree"": 0.6933546288346409, ""gamma"": 4.142239467675488, ""learning_rate"": 0.03616298599634111, ""max_depth"": 4, ""min_child_weight"": 1, ""n_estimators"": 300, ""reg_alpha"": 0.000302756121970217, ""reg_lambda"": 0.007020428167295346, ""subsample"": 0.9195145562798797}",COMPLETE
14,0.7565268329554045,2026-09-23 13:30:50.397229,2026-09-23 13:30:54.735368,0 days 00:00:04.338139,0.7349864080134153,3.9162460649219764,0.07381640156808683,5,1,300,0.0002862200910289617,0.0021244243409990734,0.9838586205555249,"{""colsample_bytree"": 0.7349864080134153, ""gamma"": 3.9162460649219764, ""learning_rate"": 0.07381640156808683, ""max_depth"": 5, ""min_child_weight"": 1, ""n_estimators"": 300, ""reg_alpha"": 0.0002862200910289617, ""reg_lambda"": 0.0021244243409990734, ""subsample"": 0.9838586205555249}",COMPLETE
15,0.7403439153439153,2026-09-23 13:30:54.740168,2026-09-23 13:30:57.889707,0 days 00:00:03.149539,0.7432386629543838,3.1776510476311945,0.057224832693452646,5,2,200,0.00017155201814053432,0.0014258121398804972,0.9337464025053691,"{""colsample_bytree"": 0.7432386629543838, ""gamma"": 3.1776510476311945, ""learning_rate"": 0.057224832693452646, ""max_depth"": 5, ""min_child_weight"": 2, ""n_estimators"": 200, ""reg_alpha"": 0.00017155201814053432, ""reg_lambda"": 0.0014258121398804972, ""subsample"": 0.9337464025053691}",COMPLETE
16,0.7304957740672026,2026-09-23 13:30:57.894977,2026-09-23 13:31:01.451925,0 days 00:00:03.556948,0.6031885882704032,3.6990767715851414,0.08835586179691231,4,3,250,0.00045256735928303856,0.003045517359651359,0.8891971108786267,"{""colsample_bytree"": 0.6031885882704032, ""gamma"": 3.6990767715851414, ""learning_rate"": 0.08835586179691231, ""max_depth"": 4, ""min_child_weight"": 3, ""n_estimators"": 250, ""reg_alpha"": 0.00045256735928303856, ""reg_lambda"": 0.003045517359651359, ""subsample"": 0.8891971108786267}",COMPLETE
17,0.7521777296777297,2026-09-23 13:31:01.457319,2026-09-23 13:31:05.684540,0 days 00:00:04.227221,0.8180922680576148,3.479733011464197,0.06449986765222664,6,1,300,0.008616850312693616,0.01530706124827005,0.9638473647493595,"{""colsample_bytree"": 0.8180922680576148, ""gamma"": 3.479733011464197, ""learning_rate"": 0.06449986765222664, ""max_depth"": 6, ""min_child_weight"": 1, ""n_estimators"": 300, ""reg_alpha"": 0.008616850312693616, ""reg_lambda"": 0.01530706124827005, ""subsample"": 0.9638473647493595}",COMPLETE
18,0.7654325568611282,2026-09-23 13:31:05.690573,2026-09-23 13:31:11.317311,0 days 00:00:05.626738,0.7709786436860983,3.5719048517154004,0.022846279094746846,3,1,400,0.0016644849903361778,0.012815907266732362,0.957735378904744,"{""colsample_bytree"": 0.7709786436860983, ""gamma"": 3.5719048517154004, ""learning_rate"": 0.022846279094746846, ""max_depth"": 3, ""min_child_weight"": 1, ""n_estimators"": 400, ""reg_alpha"": 0.0016644849903361778, ""reg_lambda"": 0.012815907266732362, ""subsample"": 0.957735378904744}",COMPLETE
19,0.7509346870061155,2026-09-23 13:31:11.322625,2026-09-23 13:31:16.621921,0 days 00:00:05.299296,0.7283663841157644,3.145086246038389,0.012013302959679248,5,1,350,5.846796962667965e-05,0.008670361766047002,0.9094625954579577,"{""colsample_bytree"": 0.7283663841157644, ""gamma"": 3.145086246038389, ""learning_rate"": 0.012013302959679248, ""max_depth"": 5, ""min_child_weight"": 1, ""n_estimators"": 350, ""reg_alpha"": 5.846796962667965e-05, ""reg_lambda"": 0.008670361766047002, ""subsample"": 0.9094625954579577}",COMPLETE
20,0.7458706108706108,2026-09-23 13:31:16.626718,2026-09-23 13:31:20.913665,0 days 00:00:04.286947,0.6963141432235367,4.825462860586116,0.026878394558596988,4,3,300,0.07462261438916844,0.0021998635832923613,0.9492890691006813,"{""colsample_bytree"": 0.6963141432235367, ""gamma"": 4.825462860586116, ""learning_rate"": 0.026878394558596988, ""max_depth"": 4, ""min_child_weight"": 3, ""n_estimators"": 300, ""reg_alpha"": 0.07462261438916844, ""reg_lambda"": 0.0021998635832923613, ""subsample"": 0.9492890691006813}",COMPLETE
21,0.7419296708582422,2026-09-23 13:31:20.918645,2026-09-23 13:31:24.988686,0 days 00:00:04.070041,0.7830481152071107,4.12637849971929,0.16868985304117776,5,2,300,0.00028423847488954546,0.003384282134265314,0.930706112838217,"{""colsample_bytree"": 0.7830481152071107, ""gamma"": 4.12637849971929, ""learning_rate"": 0.16868985304117776, ""max_depth"": 5, ""min_child_weight"": 2, ""n_estimators"": 300, ""reg_alpha"": 0.00028423847488954546, ""reg_lambda"": 0.003384282134265314, ""subsample"": 0.930706112838217}",COMPLETE
22,0.7468116539545111,2026-09-23 13:31:24.993296,2026-09-23 13:31:29.214132,0 days 00:00:04.220836,0.7697359681197042,4.570368962362999,0.030508112430946463,3,3,300,0.0027994373216145563,0.0027612217711374155,0.8548225057464555,"{""colsample_bytree"": 0.7697359681197042, ""gamma"": 4.570368962362999, ""learning_rate"": 0.030508112430946463, ""max_depth"": 3, ""min_child_weight"": 3, ""n_estimators"": 300, ""reg_alpha"": 0.0027994373216145563, ""reg_lambda"": 0.0027612217711374155, ""subsample"": 0.8548225057464555}",COMPLETE
23,0.7615945165945166,2026-09-23 13:31:29.219251,2026-09-23 13:31:33.606828,0 days 00:00:04.387577,0.6321647705966913,4.478996984466905,0.03809133700437745,4,1,300,7.363389604637106e-05,0.001710389440734536,0.9643636262550982,"{""colsample_bytree"": 0.6321647705966913, ""gamma"": 4.478996984466905, ""learning_rate"": 0.03809133700437745, ""max_depth"": 4, ""min_child_weight"": 1, ""n_estimators"": 300, ""reg_alpha"": 7.363389604637106e-05, ""reg_lambda"": 0.001710389440734536, ""subsample"": 0.9643636262550982}",COMPLETE
24,0.7447189582903869,2026-09-23 13:31:33.614471,2026-09-23 13:31:36.720938,0 days 00:00:03.106467,0.6438679144418638,4.3191295169454875,0.05255804267599851,5,3,200,6.751510438126159e-05,0.0048982230770653334,0.9509197485210777,"{""colsample_bytree"": 0.6438679144418638, ""gamma"": 4.3191295169454875, ""learning_rate"": 0.05255804267599851, ""max_depth"": 5, ""min_child_weight"": 3, ""n_estimators"": 200, ""reg_alpha"": 6.751510438126159e-05, ""reg_lambda"": 0.0048982230770653334, ""subsample"": 0.9509197485210777}",COMPLETE
25,0.7488529856386998,2026-09-23 13:31:36.725679,2026-09-23 13:31:40.986603,0 days 00:00:04.260924,0.703325211173785,3.268248836410003,0.028545083934221834,4,3,300,1.2065596486543723e-05,0.00364910728355582,0.983191857649678,"{""colsample_bytree"": 0.703325211173785, ""gamma"": 3.268248836410003, ""learning_rate"": 0.028545083934221834, ""max_depth"": 4, ""min_child_weight"": 3, ""n_estimators"": 300, ""reg_alpha"": 1.2065596486543723e-05, ""reg_lambda"": 0.00364910728355582, ""subsample"": 0.983191857649678}",COMPLETE
26,0.75754329004329,2026-09-23 13:31:40.991225,2026-09-23 13:31:45.362746,0 days 00:00:04.371521,0.6913079138485075,4.6086131035289375,0.024683779359148998,4,2,300,1.4860036914651091e-05,0.016158951166464694,0.9943555973718046,"{""colsample_bytree"": 0.6913079138485075, ""gamma"": 4.6086131035289375, ""learning_rate"": 0.024683779359148998, ""max_depth"": 4, ""min_child_weight"": 2, ""n_estimators"": 300, ""reg_alpha"": 1.4860036914651091e-05, ""reg_lambda"": 0.016158951166464694, ""subsample"": 0.9943555973718046}",COMPLETE
27,0.7572467876039305,2026-09-23 13:31:45.367476,2026-09-23 13:31:49.619659,0 days 00:00:04.252183,0.7640837697439256,4.547029036370255,0.024483184121745792,2,2,300,0.000665449711620726,0.025058859169972466,0.970198648559762,"{""colsample_bytree"": 0.7640837697439256, ""gamma"": 4.547029036370255, ""learning_rate"": 0.024483184121745792, ""max_depth"": 2, ""min_child_weight"": 2, ""n_estimators"": 300, ""reg_alpha"": 0.000665449711620726, ""reg_lambda"": 0.025058859169972466, ""subsample"": 0.970198648559762}",COMPLETE
28,0.7468460111317252,2026-09-23 13:31:49.624219,2026-09-23 13:31:52.629773,0 days 00:00:03.005554,0.617738628908733,4.791846757579175,0.022234810202065015,4,3,200,1.7474275765664975e-05,0.025767566658153895,0.8826011501533622,"{""colsample_bytree"": 0.617738628908733, ""gamma"": 4.791846757579175, ""learning_rate"": 0.022234810202065015, ""max_depth"": 4, ""min_child_weight"": 3, ""n_estimators"": 200, ""reg_alpha"": 1.7474275765664975e-05, ""reg_lambda"": 0.025767566658153895, ""subsample"": 0.8826011501533622}",COMPLETE
29,0.7565132618704048,2026-09-23 13:31:52.637412,2026-09-23 13:31:56.359560,0 days 00:00:03.722148,0.7310190792392132,4.7597884325755,0.014315345881669907,5,2,250,6.262438677754053e-05,0.006076534643432696,0.9899638277336912,"{""colsample_bytree"": 0.7310190792392132, ""gamma"": 4.7597884325755, ""learning_rate"": 0.014315345881669907, ""max_depth"": 5, ""min_child_weight"": 2, ""n_estimators"": 250, ""reg_alpha"": 6.262438677754053e-05, ""reg_lambda"": 0.006076534643432696, ""subsample"": 0.9899638277336912}",COMPLETE
30,0.7591963856249571,2026-09-23 13:31:56.364694,2026-09-23 13:32:00.029495,0 days 00:00:03.664801,0.6526779459087098,4.653096990033559,0.024550404927857393,4,2,250,0.0016114648506041025,0.008063911592503165,0.9955616555215989,"{""colsample_bytree"": 0.6526779459087098, ""gamma"": 4.653096990033559, ""learning_rate"": 0.024550404927857393, ""max_depth"": 4, ""min_child_weight"": 2, ""n_estimators"": 250, ""reg_alpha"": 0.0016114648506041025, ""reg_lambda"": 0.008063911592503165, ""subsample"": 0.9955616555215989}",COMPLETE
31,0.767003538789253,2026-09-23 13:32:00.037335,2026-09-23 13:32:04.769703,0 days 00:00:04.732368,0.657331819845109,4.721181389058962,0.029416812857760623,4,1,350,4.655317348047367e-05,0.05320064560185867,0.9962369836262759,"{""colsample_bytree"": 0.657331819845109, ""gamma"": 4.721181389058962, ""learning_rate"": 0.029416812857760623, ""max_depth"": 4, ""min_child_weight"": 1, ""n_estimators"": 350, ""reg_alpha"": 4.655317348047367e-05, ""reg_lambda"": 0.05320064560185867, ""subsample"": 0.9962369836262759}",COMPLETE
32,0.7574996564282278,2026-09-23 13:32:04.776475,2026-09-23 13:32:08.324131,0 days 00:00:03.547656,0.6420377767002572,4.9416693371384,0.038403896380452524,5,2,250,0.00018505489474761382,0.014322363127478342,0.9883418300247747,"{""colsample_bytree"": 0.6420377767002572, ""gamma"": 4.9416693371384, ""learning_rate"": 0.038403896380452524, ""max_depth"": 5, ""min_child_weight"": 2, ""n_estimators"": 250, ""reg_alpha"": 0.00018505489474761382, ""reg_lambda"": 0.014322363127478342, ""subsample"": 0.9883418300247747}",COMPLETE
33,0.7510803614375042,2026-09-23 13:32:08.328810,2026-09-23 13:32:10.714698,0 days 00:00:02.385888,0.6386908132816714,4.744276531354354,0.02100926377064667,3,3,150,0.008073834711575809,0.0029828638230814317,0.990398430134618,"{""colsample_bytree"": 0.6386908132816714, ""gamma"": 4.744276531354354, ""learning_rate"": 0.02100926377064667, ""max_depth"": 3, ""min_child_weight"": 3, ""n_estimators"": 150, ""reg_alpha"": 0.008073834711575809, ""reg_lambda"": 0.0029828638230814317, ""subsample"": 0.990398430134618}",COMPLETE
34,0.7617590874733733,2026-09-23 13:32:10.719388,2026-09-23 13:32:14.909766,0 days 00:00:04.190378,0.6499130442362665,4.99431979138956,0.022547135301792,4,1,300,4.231901727825716e-05,0.004483399019082035,0.9517480710194876,"{""colsample_bytree"": 0.6499130442362665, ""gamma"": 4.99431979138956, ""learning_rate"": 0.022547135301792, ""max_depth"": 4, ""min_child_weight"": 1, ""n_estimators"": 300, ""reg_alpha"": 4.231901727825716e-05, ""reg_lambda"": 0.004483399019082035, ""subsample"": 0.9517480710194876}",COMPLETE
35,0.7540196179481893,2026-09-23 13:32:14.914492,2026-09-23 13:32:19.679934,0 days 00:00:04.765442,0.7297539413315661,4.794891943235098,0.032252043837952424,3,2,350,5.3182374680173484e-05,0.01567895425178448,0.9106006681106263,"{""colsample_bytree"": 0.7297539413315661, ""gamma"": 4.794891943235098, ""learning_rate"": 0.032252043837952424, ""max_depth"": 3, ""min_child_weight"": 2, ""n_estimators"": 350, ""reg_alpha"": 5.3182374680173484e-05, ""reg_lambda"": 0.01567895425178448, ""subsample"": 0.9106006681106263}",COMPLETE
36,0.7616261251975538,2026-09-23 13:32:19.685031,2026-09-23 13:32:24.523178,0 days 00:00:04.838147,0.6106100619011963,4.218868929809574,0.027924263910286667,4,2,350,1.6168622425281273e-05,0.002907273271843479,0.9723053440643161,"{""colsample_bytree"": 0.6106100619011963, ""gamma"": 4.218868929809574, ""learning_rate"": 0.027924263910286667, ""max_depth"": 4, ""min_child_weight"": 2, ""n_estimators"": 350, ""reg_alpha"": 1.6168622425281273e-05, ""reg_lambda"": 0.002907273271843479, ""subsample"": 0.9723053440643161}",COMPLETE
37,0.7618592386449529,2026-09-23 13:32:24.527905,2026-09-23 13:32:29.904575,0 days 00:00:05.376670,0.6467959614342038,4.313279094855082,0.025628896193735432,4,1,400,0.004059210494400926,0.06340563390467356,0.9741848930386072,"{""colsample_bytree"": 0.6467959614342038, ""gamma"": 4.313279094855082, ""learning_rate"": 0.025628896193735432, ""max_depth"": 4, ""min_child_weight"": 1, ""n_estimators"": 400, ""reg_alpha"": 0.004059210494400926, ""reg_lambda"": 0.06340563390467356, ""subsample"": 0.9741848930386072}",COMPLETE
38,0.7593058132343847,2026-09-23 13:32:29.909108,2026-09-23 13:32:33.475861,0 days 00:00:03.566753,0.6413245207487516,4.161577823159838,0.021598392596646945,3,1,250,0.00015435961227449393,0.010333092933438563,0.9283181381152502,"{""colsample_bytree"": 0.6413245207487516, ""gamma"": 4.161577823159838, ""learning_rate"": 0.021598392596646945, ""max_depth"": 3, ""min_child_weight"": 1, ""n_estimators"": 250, ""reg_alpha"": 0.00015435961227449393, ""reg_lambda"": 0.010333092933438563, ""subsample"": 0.9283181381152502}",COMPLETE
39,0.7616919191919191,2026-09-23 13:32:33.482197,2026-09-23 13:32:38.248335,0 days 00:00:04.766138,0.6489400481153835,4.957555399818335,0.03304827003946203,4,1,350,0.000583679558826142,0.027813469295724317,0.9397418800743774,"{""colsample_bytree"": 0.6489400481153835, ""gamma"": 4.957555399818335, ""learning_rate"": 0.03304827003946203, ""max_depth"": 4, ""min_child_weight"": 1, ""n_estimators"": 350, ""reg_alpha"": 0.000583679558826142, ""reg_lambda"": 0.027813469295724317, ""subsample"": 0.9397418800743774}",COMPLETE
40,0.7534236927094071,2026-09-23 13:32:38.253234,2026-09-23 13:32:43.045158,0 days 00:00:04.791924,0.6103074583436263,4.088921704870769,0.029720312230603316,4,2,350,2.4532349464395025e-05,0.22429244094350959,0.917532694096783,"{""colsample_bytree"": 0.6103074583436263, ""gamma"": 4.088921704870769, ""learning_rate"": 0.029720312230603316, ""max_depth"": 4, ""min_child_weight"": 2, ""n_estimators"": 350, ""reg_alpha"": 2.4532349464395025e-05, ""reg_lambda"": 0.22429244094350959, ""subsample"": 0.917532694096783}",COMPLETE
41,0.7661617879475022,2026-09-23 13:32:43.050086,2026-09-23 13:32:47.848828,0 days 00:00:04.798742,0.6866933765385275,4.9372802045494995,0.023209439192517275,4,1,350,0.00031537216141221233,0.016253168049304906,0.9944406251973695,"{""colsample_bytree"": 0.6866933765385275, ""gamma"": 4.9372802045494995, ""learning_rate"": 0.023209439192517275, ""max_depth"": 4, ""min_child_weight"": 1, ""n_estimators"": 350, ""reg_alpha"": 0.00031537216141221233, ""reg_lambda"": 0.016253168049304906, ""subsample"": 0.9944406251973695}",COMPLETE
42,0.7555454201882773,2026-09-23 13:32:47.854177,2026-09-23 13:32:52.226127,0 days 00:00:04.371950,0.6702930267779539,4.473990231206433,0.013490307903283968,4,1,300,1.0424159513577042e-05,0.0032503536002811088,0.9417297667710884,"{""colsample_bytree"": 0.6702930267779539, ""gamma"": 4.473990231206433, ""learning_rate"": 0.013490307903283968, ""max_depth"": 4, ""min_child_weight"": 1, ""n_estimators"": 300, ""reg_alpha"": 1.0424159513577042e-05, ""reg_lambda"": 0.0032503536002811088, ""subsample"": 0.9417297667710884}",COMPLETE
43,0.7627810417096133,2026-09-23 13:32:52.230731,2026-09-23 13:32:57.079129,0 days 00:00:04.848398,0.6847222250749264,4.978276560999531,0.01695727366792957,4,1,350,0.0011861604360657945,0.039298630044795675,0.9635477329962552,"{""colsample_bytree"": 0.6847222250749264, ""gamma"": 4.978276560999531, ""learning_rate"": 0.01695727366792957, ""max_depth"": 4, ""min_child_weight"": 1, ""n_estimators"": 350, ""reg_alpha"": 0.0011861604360657945, ""reg_lambda"": 0.039298630044795675, ""subsample"": 0.9635477329962552}",COMPLETE
44,0.7545483749055177,2026-09-23 13:32:57.083886,2026-09-23 13:33:02.467826,0 days 00:00:05.383940,0.6773025469136128,4.5669308030142455,0.026744743190313402,4,2,400,0.008913329150710279,0.008123354821456213,0.9676086629113915,"{""colsample_bytree"": 0.6773025469136128, ""gamma"": 4.5669308030142455, ""learning_rate"": 0.026744743190313402, ""max_depth"": 4, ""min_child_weight"": 2, ""n_estimators"": 400, ""reg_alpha"": 0.008913329150710279, ""reg_lambda"": 0.008123354821456213, ""subsample"": 0.9676086629113915}",COMPLETE
45,0.7592391603105889,2026-09-23 13:33:02.472614,2026-09-23 13:33:08.032709,0 days 00:00:05.560095,0.6398087460273522,4.44731113066883,0.014097968858861363,4,2,400,0.0007597031561405948,0.07000475372924753,0.9995742515009515,"{""colsample_bytree"": 0.6398087460273522, ""gamma"": 4.44731113066883, ""learning_rate"": 0.014097968858861363, ""max_depth"": 4, ""min_child_weight"": 2, ""n_estimators"": 400, ""reg_alpha"": 0.0007597031561405948, ""reg_lambda"": 0.07000475372924753, ""subsample"": 0.9995742515009515}",COMPLETE
